android/build/intermediates/manifest_merge_blame_file/debug/manifest-merger-blame-debug-report.txt
1<?xml version="1.0" encoding="utf-8"?>
2<manifest xmlns:android="http://schemas.android.com/apk/res/android"
3    package="com.bushido.game"
4    android:versionCode="1"
5    android:versionName="1.0" >
6
7    <uses-sdk
8        android:minSdkVersion="14"
8-->Bushido\android\AndroidManifest.xml
9        android:targetSdkVersion="33" />
9-->Bushido\android\AndroidManifest.xml
10
11    <uses-feature
11-->Bushido\android\AndroidManifest.xml:5:5-78
12        android:glEsVersion="0x00020000"
12-->Bushido\android\AndroidManifest.xml:5:19-51
13        android:required="true" />
13-->Bushido\android\AndroidManifest.xml:5:52-75
14
15    <uses-permission android:name="android.permission.VIBRATE" />
15-->Bushido\android\AndroidManifest.xml:7:5-82
15-->Bushido\android\AndroidManifest.xml:7:22-63
16
17    <application
17-->Bushido\android\AndroidManifest.xml:9:5-28:19
18        android:allowBackup="true"
18-->Bushido\android\AndroidManifest.xml:10:9-35
19        android:appCategory="game"
19-->Bushido\android\AndroidManifest.xml:14:9-35
20        android:debuggable="true"
21        android:fullBackupContent="true"
21-->Bushido\android\AndroidManifest.xml:11:9-41
22        android:icon="@drawable/ic_launcher"
22-->Bushido\android\AndroidManifest.xml:12:9-45
23        android:isGame="true"
23-->Bushido\android\AndroidManifest.xml:13:9-30
24        android:label="@string/app_name" >
24-->Bushido\android\AndroidManifest.xml:15:9-41
25        <activity
25-->Bushido\android\AndroidManifest.xml:17:9-27:20
26            android:name="com.bushido.game.AndroidLauncher"
26-->Bushido\android\AndroidManifest.xml:18:13-60
27            android:configChanges="keyboard|keyboardHidden|navigation|orientation|screenSize|screenLayout"
27-->Bushido\android\AndroidManifest.xml:21:13-107
28            android:exported="true"
28-->Bushido\android\AndroidManifest.xml:22:13-36
29            android:label="@string/app_name"
29-->Bushido\android\AndroidManifest.xml:19:13-45
30            android:screenOrientation="landscape" >
30-->Bushido\android\AndroidManifest.xml:20:13-50
31            <intent-filter>
31-->Bushido\android\AndroidManifest.xml:23:13-26:29
32                <action android:name="android.intent.action.MAIN" />
32-->Bushido\android\AndroidManifest.xml:24:17-69
32-->Bushido\android\AndroidManifest.xml:24:25-66
33
34                <category android:name="android.intent.category.LAUNCHER" />
34-->Bushido\android\AndroidManifest.xml:25:17-77
34-->Bushido\android\AndroidManifest.xml:25:27-74
35            </intent-filter>
36        </activity>
37    </application>
38
39</manifest>